<?xml version="1.0" encoding="UTF-8"?>
<!-- Generated by org.testng.reporters.JUnitReportReporter -->
<testsuite hostname="Aylan-Elyan" failures="0" tests="3" name="Practice2Selenium.GetAjobTestng.AmazonSignIn" time="2.398" errors="1" timestamp="2022-08-07T01:06:04 EDT" skipped="2">
  <testcase classname="Practice2Selenium.GetAjobTestng.AmazonSignIn" name="beforeMethod" time="2.398">
    <error message="session not created: This version of Microsoft Edge WebDriver only supports Microsoft Edge version 105
Current browser version is 104.0.1293.47 with binary path C:\Program Files (x86)\Microsoft\Edge\Application\msedge.exe
Build info: version: &#039;3.141.59&#039;, revision: &#039;e82be7d358&#039;, time: &#039;2018-11-14T08:17:03&#039;
System info: host: &#039;AYLAN-ELYAN&#039;, ip: &#039;192.168.1.123&#039;, os.name: &#039;Windows 10&#039;, os.arch: &#039;amd64&#039;, os.version: &#039;10.0&#039;, java.version: &#039;17&#039;
Driver info: driver.version: EdgeDriver
remote stacktrace: Backtrace:
	Microsoft::Applications::Events::EventProperties::unpack [0x00007FF71CAF9212+26402]
	Microsoft::Applications::Events::GUID_t::GUID_t [0x00007FF71CA42512+347426]
	Ordinal0 [0x00007FF71C5C8E25+626213]
	Ordinal0 [0x00007FF71C5F5D23+810275]
	Ordinal0 [0x00007FF71C5F144E+791630]
	Ordinal0 [0x00007FF71C5EC618+771608]
	Ordinal0 [0x00007FF71C62671F+1009439]
	Ordinal0 [0x00007FF71C620ED3+986835]
	Ordinal0 [0x00007FF71C5F7DEE+818670]
	Ordinal0 [0x00007FF71C5F9398+824216]
	Microsoft::Applications::Events::EventProperty::EventProperty [0x00007FF71C88F738+133528]
	Microsoft::Applications::Events::EventProperty::EventProperty [0x00007FF71C877C25+36485]
	Microsoft::Applications::Events::EventProperty::EventProperty [0x00007FF71C87BE9C+53500]
	Microsoft::Applications::Events::EventProperty::to_string [0x00007FF71C6D4684+22276]
	Microsoft::Applications::Events::GUID_t::GUID_t [0x00007FF71CA494AB+375995]
	Microsoft::Applications::Events::GUID_t::GUID_t [0x00007FF71CA4E0E4+395508]
	Microsoft::Applications::Events::GUID_t::GUID_t [0x00007FF71CA4E23D+395853]
	Microsoft::Applications::Events::time_ticks_t::time_ticks_t [0x00007FF71CA586C9+39417]
	BaseThreadInitThunk [0x00007FFC6CFE54E0+16]
	RtlUserThreadStart [0x00007FFC6E64485B+43]
" type="org.openqa.selenium.SessionNotCreatedException">
      <![CDATA[org.openqa.selenium.SessionNotCreatedException: session not created: This version of Microsoft Edge WebDriver only supports Microsoft Edge version 105
Current browser version is 104.0.1293.47 with binary path C:\Program Files (x86)\Microsoft\Edge\Application\msedge.exe
Build info: version: '3.141.59', revision: 'e82be7d358', time: '2018-11-14T08:17:03'
System info: host: 'AYLAN-ELYAN', ip: '192.168.1.123', os.name: 'Windows 10', os.arch: 'amd64', os.version: '10.0', java.version: '17'
Driver info: driver.version: EdgeDriver
remote stacktrace: Backtrace:
Microsoft::Applications::Events::EventProperties::unpack [0x00007FF71CAF9212+26402]
Microsoft::Applications::Events::GUID_t::GUID_t [0x00007FF71CA42512+347426]
Ordinal0 [0x00007FF71C5C8E25+626213]
Ordinal0 [0x00007FF71C5F5D23+810275]
Ordinal0 [0x00007FF71C5F144E+791630]
Ordinal0 [0x00007FF71C5EC618+771608]
Ordinal0 [0x00007FF71C62671F+1009439]
Ordinal0 [0x00007FF71C620ED3+986835]
Ordinal0 [0x00007FF71C5F7DEE+818670]
Ordinal0 [0x00007FF71C5F9398+824216]
Microsoft::Applications::Events::EventProperty::EventProperty [0x00007FF71C88F738+133528]
Microsoft::Applications::Events::EventProperty::EventProperty [0x00007FF71C877C25+36485]
Microsoft::Applications::Events::EventProperty::EventProperty [0x00007FF71C87BE9C+53500]
Microsoft::Applications::Events::EventProperty::to_string [0x00007FF71C6D4684+22276]
Microsoft::Applications::Events::GUID_t::GUID_t [0x00007FF71CA494AB+375995]
Microsoft::Applications::Events::GUID_t::GUID_t [0x00007FF71CA4E0E4+395508]
Microsoft::Applications::Events::GUID_t::GUID_t [0x00007FF71CA4E23D+395853]
Microsoft::Applications::Events::time_ticks_t::time_ticks_t [0x00007FF71CA586C9+39417]
BaseThreadInitThunk [0x00007FFC6CFE54E0+16]
RtlUserThreadStart [0x00007FFC6E64485B+43]

at java.base/jdk.internal.reflect.NativeConstructorAccessorImpl.newInstance0(Native Method)
at java.base/jdk.internal.reflect.NativeConstructorAccessorImpl.newInstance(NativeConstructorAccessorImpl.java:77)
at java.base/jdk.internal.reflect.DelegatingConstructorAccessorImpl.newInstance(DelegatingConstructorAccessorImpl.java:45)
at java.base/java.lang.reflect.Constructor.newInstanceWithCaller(Constructor.java:499)
at java.base/java.lang.reflect.Constructor.newInstance(Constructor.java:480)
at org.openqa.selenium.remote.W3CHandshakeResponse.lambda$new$0(W3CHandshakeResponse.java:57)
at org.openqa.selenium.remote.W3CHandshakeResponse.lambda$getResponseFunction$2(W3CHandshakeResponse.java:104)
at org.openqa.selenium.remote.ProtocolHandshake.lambda$createSession$24(ProtocolHandshake.java:359)
at java.base/java.util.stream.ReferencePipeline$3$1.accept(ReferencePipeline.java:197)
at java.base/java.util.Spliterators$ArraySpliterator.tryAdvance(Spliterators.java:1002)
at java.base/java.util.stream.ReferencePipeline.forEachWithCancel(ReferencePipeline.java:129)
at java.base/java.util.stream.AbstractPipeline.copyIntoWithCancel(AbstractPipeline.java:527)
at java.base/java.util.stream.AbstractPipeline.copyInto(AbstractPipeline.java:513)
at java.base/java.util.stream.AbstractPipeline.wrapAndCopyInto(AbstractPipeline.java:499)
at java.base/java.util.stream.FindOps$FindOp.evaluateSequential(FindOps.java:150)
at java.base/java.util.stream.AbstractPipeline.evaluate(AbstractPipeline.java:234)
at java.base/java.util.stream.ReferencePipeline.findFirst(ReferencePipeline.java:647)
at org.openqa.selenium.remote.ProtocolHandshake.createSession(ProtocolHandshake.java:362)
at org.openqa.selenium.remote.ProtocolHandshake.createSession(ProtocolHandshake.java:136)
at org.openqa.selenium.remote.HttpCommandExecutor.execute(HttpCommandExecutor.java:142)
at org.openqa.selenium.remote.service.DriverCommandExecutor.execute(DriverCommandExecutor.java:83)
at org.openqa.selenium.remote.RemoteWebDriver.execute(RemoteWebDriver.java:586)
at org.openqa.selenium.remote.RemoteWebDriver.startSession(RemoteWebDriver.java:217)
at org.openqa.selenium.remote.RemoteWebDriver.<init>(RemoteWebDriver.java:140)
at org.openqa.selenium.edge.EdgeDriver.<init>(EdgeDriver.java:141)
at org.openqa.selenium.edge.EdgeDriver.<init>(EdgeDriver.java:96)
at Practice2Selenium.GetAjobTestng.AmazonSignIn.browsers(AmazonSignIn.java:81)
at Practice2Selenium.GetAjobTestng.AmazonSignIn.beforeMethod(AmazonSignIn.java:63)
at java.base/jdk.internal.reflect.NativeMethodAccessorImpl.invoke0(Native Method)
at java.base/jdk.internal.reflect.NativeMethodAccessorImpl.invoke(NativeMethodAccessorImpl.java:77)
at java.base/jdk.internal.reflect.DelegatingMethodAccessorImpl.invoke(DelegatingMethodAccessorImpl.java:43)
at java.base/java.lang.reflect.Method.invoke(Method.java:568)
at org.testng.internal.MethodInvocationHelper.invokeMethod(MethodInvocationHelper.java:133)
at org.testng.internal.MethodInvocationHelper.invokeMethodConsideringTimeout(MethodInvocationHelper.java:62)
at org.testng.internal.ConfigInvoker.invokeConfigurationMethod(ConfigInvoker.java:385)
at org.testng.internal.ConfigInvoker.invokeConfigurations(ConfigInvoker.java:321)
at org.testng.internal.TestInvoker.runConfigMethods(TestInvoker.java:700)
at org.testng.internal.TestInvoker.invokeMethod(TestInvoker.java:527)
at org.testng.internal.TestInvoker.invokeTestMethod(TestInvoker.java:173)
at org.testng.internal.MethodRunner.runInSequence(MethodRunner.java:46)
at org.testng.internal.TestInvoker$MethodInvocationAgent.invoke(TestInvoker.java:824)
at org.testng.internal.TestInvoker.invokeTestMethods(TestInvoker.java:146)
at org.testng.internal.TestMethodWorker.invokeTestMethods(TestMethodWorker.java:146)
at org.testng.internal.TestMethodWorker.run(TestMethodWorker.java:128)
at java.base/java.util.ArrayList.forEach(ArrayList.java:1511)
at org.testng.TestRunner.privateRun(TestRunner.java:794)
at org.testng.TestRunner.run(TestRunner.java:596)
at org.testng.SuiteRunner.runTest(SuiteRunner.java:377)
at org.testng.SuiteRunner.runSequentially(SuiteRunner.java:371)
at org.testng.SuiteRunner.privateRun(SuiteRunner.java:332)
at org.testng.SuiteRunner.run(SuiteRunner.java:276)
at org.testng.SuiteRunnerWorker.runSuite(SuiteRunnerWorker.java:53)
at org.testng.SuiteRunnerWorker.run(SuiteRunnerWorker.java:96)
at org.testng.TestNG.runSuitesSequentially(TestNG.java:1212)
at org.testng.TestNG.runSuitesLocally(TestNG.java:1134)
at org.testng.TestNG.runSuites(TestNG.java:1063)
at org.testng.TestNG.run(TestNG.java:1031)
at org.testng.remote.AbstractRemoteTestNG.run(AbstractRemoteTestNG.java:115)
at org.testng.remote.RemoteTestNG.initAndRun(RemoteTestNG.java:251)
at org.testng.remote.RemoteTestNG.main(RemoteTestNG.java:77)
]]>
    </error>
  </testcase> <!-- beforeMethod -->
  <system-out/>
  <testcase classname="Practice2Selenium.GetAjobTestng.AmazonSignIn" name="VerificationOfText" time="0.000">
    <skipped/>
  </testcase> <!-- VerificationOfText -->
  <system-out/>
  <testcase classname="Practice2Selenium.GetAjobTestng.AmazonSignIn" name="f" time="0.000">
    <skipped/>
  </testcase> <!-- f -->
  <system-out/>
</testsuite> <!-- Practice2Selenium.GetAjobTestng.AmazonSignIn -->
